[2m8:48AM[0m [92mINF[0m 🐶 K9s starting up...
[2m8:48AM[0m [91mERR[0m Fail to refine k9s config [2merror=[0m"mkdir /home/feike: operation not supported"
[2m8:48AM[0m [92mINF[0m ✅ Kubernetes connectivity OK
[2m8:48AM[0m [93mWRN[0m Fail to load global/context configuration [2merror=[0m"mkdir /home/feike: operation not supported"
[2m8:48AM[0m [93mWRN[0m No resources found for v1/pods in namespace default
[2m10:15AM[0m [92mINF[0m 🐶 K9s starting up...
[2m10:15AM[0m [91mERR[0m Fail to refine k9s config [2merror=[0m"mkdir /home/feike: operation not supported"
[2m10:15AM[0m [92mINF[0m ✅ Kubernetes connectivity OK
[2m10:15AM[0m [93mWRN[0m Fail to load global/context configuration [2merror=[0m"mkdir /home/feike: operation not supported"
[2m10:15AM[0m [93mWRN[0m No resources found for v1/pods in namespace default
[2m2:16PM[0m [93mWRN[0m Log reader EOF [2mcontainer=[0m"metacontroller/metacontroller-0 (metacontroller)" [2merror=[0m"stream closed EOF for metacontroller/metacontroller-0 (metacontroller)"
[2m2:26PM[0m [93mWRN[0m Log stream canceled
[2m3:47PM[0m [92mINF[0m 🐶 K9s starting up...
[2m3:47PM[0m [91mERR[0m Fail to refine k9s config [2merror=[0m"mkdir /home/feike: operation not supported"
[2m3:47PM[0m [92mINF[0m ✅ Kubernetes connectivity OK
[2m3:47PM[0m [93mWRN[0m Fail to load global/context configuration [2merror=[0m"mkdir /home/feike: operation not supported"
[2m3:47PM[0m [93mWRN[0m No resources found for v1/pods in namespace r2d2
[2m3:48PM[0m [93mWRN[0m No resources found for v1/pods in namespace r2d2
[2m3:49PM[0m [93mWRN[0m No resources found for v1/pods in namespace r2d2
[2m4:46PM[0m [92mINF[0m 🐶 K9s starting up...
[2m4:46PM[0m [93mWRN[0m Fail to locate metrics-server [2merror=[0m"No metrics api group metrics.k8s.io found on cluster"
[2m4:46PM[0m [91mERR[0m Fail to refine k9s config [2merror=[0m"mkdir /home/feike: operation not supported"
[2m4:46PM[0m [92mINF[0m ✅ Kubernetes connectivity OK
[2m4:46PM[0m [93mWRN[0m Fail to load global/context configuration [2merror=[0m"mkdir /home/feike: operation not supported"
[2m9:27AM[0m [92mINF[0m 🐶 K9s starting up...
[2m9:27AM[0m [93mWRN[0m Fail to locate metrics-server [2merror=[0m"No metrics api group metrics.k8s.io found on cluster"
[2m9:27AM[0m [91mERR[0m Fail to refine k9s config [2merror=[0m"mkdir /home/feike: operation not supported"
[2m9:27AM[0m [92mINF[0m ✅ Kubernetes connectivity OK
[2m9:27AM[0m [93mWRN[0m Fail to load global/context configuration [2merror=[0m"mkdir /home/feike: operation not supported"
[2m9:28AM[0m [92mINF[0m 🐶 K9s starting up...
[2m9:28AM[0m [91mERR[0m Fail to refine k9s config [2merror=[0m"mkdir /home/feike: operation not supported"
[2m9:28AM[0m [92mINF[0m ✅ Kubernetes connectivity OK
[2m9:28AM[0m [93mWRN[0m Fail to load global/context configuration [2merror=[0m"mkdir /home/feike: operation not supported"
[2m10:06AM[0m [92mINF[0m 🐶 K9s starting up...
[2m10:06AM[0m [91mERR[0m Fail to refine k9s config [2merror=[0m"mkdir /home/feike: operation not supported"
[2m10:06AM[0m [92mINF[0m ✅ Kubernetes connectivity OK
[2m10:06AM[0m [93mWRN[0m Fail to load global/context configuration [2merror=[0m"mkdir /home/feike: operation not supported"
[2m10:36AM[0m [92mINF[0m 🐶 K9s starting up...
[2m10:36AM[0m [91mERR[0m Fail to refine k9s config [2merror=[0m"mkdir /home/feike: operation not supported"
[2m10:36AM[0m [92mINF[0m ✅ Kubernetes connectivity OK
[2m10:36AM[0m [93mWRN[0m Fail to load global/context configuration [2merror=[0m"mkdir /home/feike: operation not supported"
